<?xml version="1.0" encoding="UTF-8"?>
<testng-results ignored="0" total="1" passed="1" failed="0" skipped="0">
  <reporter-output>
  </reporter-output>
  <suite started-at="2025-05-26T23:00:17 IST" name="Failed suite [Master Suite]" finished-at="2025-05-26T23:00:24 IST" duration-ms="7611">
    <groups>
      <group name="sanity">
        <method signature="TC_002LoginTest.Verify_Login()[pri:0, instance:testCases.TC_002LoginTest@3bd418e4]" name="Verify_Login" class="testCases.TC_002LoginTest"/>
      </group> <!-- sanity -->
      <group name="master">
        <method signature="TC_002LoginTest.Verify_Login()[pri:0, instance:testCases.TC_002LoginTest@3bd418e4]" name="Verify_Login" class="testCases.TC_002LoginTest"/>
      </group> <!-- master -->
    </groups>
    <test started-at="2025-05-26T23:00:17 IST" name="Test(failed)" finished-at="2025-05-26T23:00:24 IST" duration-ms="7611">
      <class name="testCases.TC_002LoginTest">
        <test-method is-config="true" signature="setup(java.lang.String)[pri:0, instance:testCases.TC_002LoginTest@3bd418e4]" started-at="2025-05-26T23:00:17 IST" name="setup" finished-at="2025-05-26T23:00:23 IST" duration-ms="5722" status="PASS">
          <params>
            <param index="0">
              <value>
                <![CDATA[chrome]]>
              </value>
            </param>
          </params>
          <reporter-output>
          </reporter-output>
        </test-method> <!-- setup -->
        <test-method signature="Verify_Login()[pri:0, instance:testCases.TC_002LoginTest@3bd418e4]" started-at="2025-05-26T23:00:23 IST" name="Verify_Login" finished-at="2025-05-26T23:00:24 IST" duration-ms="1362" status="PASS">
          <reporter-output>
          </reporter-output>
        </test-method> <!-- Verify_Login -->
        <test-method is-config="true" signature="teardown()[pri:0, instance:testCases.TC_002LoginTest@3bd418e4]" started-at="2025-05-26T23:00:24 IST" name="teardown" finished-at="2025-05-26T23:00:24 IST" duration-ms="341" status="PASS">
          <reporter-output>
          </reporter-output>
        </test-method> <!-- teardown -->
      </class> <!-- testCases.TC_002LoginTest -->
    </test> <!-- Test(failed) -->
  </suite> <!-- Failed suite [Master Suite] -->
</testng-results>
